<?xml version="1.0" encoding="UTF-8"?>
<testng-results ignored="0" total="1" passed="0" failed="1" skipped="0">
  <reporter-output>
  </reporter-output>
  <suite started-at="2025-02-03T20:16:00 IST" name="Default suite" finished-at="2025-02-03T20:17:03 IST" duration-ms="63165">
    <groups>
      <group name="cucumber">
        <method signature="AbstractTestNGCucumberTests.runScenario(io.cucumber.testng.PickleWrapper,io.cucumber.testng.FeatureWrapper)[pri:0, instance:cucumaberOptions.FailedTestNGrunner@20d525]" name="runScenario" class="io.cucumber.testng.AbstractTestNGCucumberTests"/>
      </group> <!-- cucumber -->
    </groups>
    <test started-at="2025-02-03T20:16:00 IST" name="Default test" finished-at="2025-02-03T20:17:03 IST" duration-ms="63165">
      <class name="cucumaberOptions.FailedTestNGrunner">
        <test-method is-config="true" signature="setUpClass(org.testng.ITestContext)[pri:0, instance:cucumaberOptions.FailedTestNGrunner@20d525]" started-at="2025-02-03T20:16:00 IST" name="setUpClass" finished-at="2025-02-03T20:16:01 IST" duration-ms="1218" status="PASS">
          <params>
            <param index="0">
              <value>
                <![CDATA[org.testng.TestRunner@34e20e6b]]>
              </value>
            </param>
          </params>
          <reporter-output>
          </reporter-output>
        </test-method> <!-- setUpClass -->
        <test-method signature="runScenario(io.cucumber.testng.PickleWrapper,io.cucumber.testng.FeatureWrapper)[pri:0, instance:cucumaberOptions.FailedTestNGrunner@20d525]" started-at="2025-02-03T20:16:01 IST" name="runScenario" description="Runs Cucumber Scenarios" data-provider="scenarios" finished-at="2025-02-03T20:17:02 IST" duration-ms="61174" status="FAIL">
          <params>
            <param index="0">
              <value>
                <![CDATA["Search the produt in search in both home and offers with different data"]]>
              </value>
            </param>
            <param index="1">
              <value>
                <![CDATA["Search and plance the order for products"]]>
              </value>
            </param>
          </params>
          <exception class="java.lang.AssertionError">
            <message>
              <![CDATA[expected [Beetroot] but found [No data]]]>
            </message>
            <full-stacktrace>
              <![CDATA[java.lang.AssertionError: expected [Beetroot] but found [No data]
at org.testng.Assert.fail(Assert.java:111)
at org.testng.Assert.failNotEquals(Assert.java:1578)
at org.testng.Assert.assertEqualsImpl(Assert.java:150)
at org.testng.Assert.assertEquals(Assert.java:132)
at org.testng.Assert.assertEquals(Assert.java:656)
at org.testng.Assert.assertEquals(Assert.java:666)
at stepdefinations.offerspage.verify_both_name_are_same_or_not(offerspage.java:70)
at âœ½.verify both name are same or not(file:///C:/Users/Shubham%20Shetti/eclipse-workspace/CucumbarFramework/src/test/java/Featuresfiles/searchproduct.feature:16)
]]>
            </full-stacktrace>
          </exception> <!-- java.lang.AssertionError -->
          <reporter-output>
          </reporter-output>
        </test-method> <!-- runScenario -->
        <test-method is-config="true" signature="tearDownClass()[pri:0, instance:cucumaberOptions.FailedTestNGrunner@20d525]" started-at="2025-02-03T20:17:02 IST" name="tearDownClass" finished-at="2025-02-03T20:17:03 IST" duration-ms="684" status="PASS">
          <reporter-output>
          </reporter-output>
        </test-method> <!-- tearDownClass -->
      </class> <!-- cucumaberOptions.FailedTestNGrunner -->
    </test> <!-- Default test -->
  </suite> <!-- Default suite -->
</testng-results>
